********************************************************************************
DUPLICATOR-LITE PACKAGE-LOG: April 6, 2019 18:41
NOTICE: Do NOT post to public sites or forums 
********************************************************************************
VERSION:	1.3.10
WORDPRESS:	5.1.1
PHP INFO:	5.6.31 | SAPI: apache2handler
SERVER:		Apache/2.4.27 (Win32) OpenSSL/1.1.0f PHP/5.6.31 
PHP TIME LIMIT: (0) no time limit imposed 
PHP MAX MEMORY: 4294967296 (128M default) 
MEMORY STACK: 53MB 

********************************************************************************
DATABASE:
********************************************************************************
BUILD MODE:   MYSQLDUMP
MYSQLTIMEOUT: 5000
MYSQLDUMP:    Is Supported 
SQL CREATED: 20190406_hda_b3fad1d862136bc46656_20190406184058_database.sql 
SQL FILE SIZE: 4.1MB (4304383) 
SQL FILE TIME: 2019-04-06 18:41:25 
SQL RUNTIME: 1.62 sec. 

******************************************************************************** 
ARCHIVE (ZIP): 
******************************************************************************** 
ARCHIVE DIR:  C:/Program Files (x86)/Ampps/www/release.com 
ARCHIVE FILE: 20190406_hda_b3fad1d862136bc46656_20190406184058_archive.zip 
FILTERS: *OFF* 
DIRS:
	not set 
FILES:
	not set 
EXTS:  not set 
---------------------------------------- 
COMPRESSING 
SIZE:	130.85MB 
STATS:	Dirs 830 | Files 6,280 
SQL ADDED: 20190406_hda_b3fad1d862136bc46656_20190406184058_database.sql 
ZipArchive Object
(
    [status] => 0
    [statusSys] => 0
    [numFiles] => 7110
    [filename] => C:\Program Files (x86)\Ampps\www\release.com\wp-snapshots\tmp\20190406_hda_b3fad1d862136bc46656_20190406184058_archive.zip
    [comment] => 
)
 
FILE ADDED TO ZIP: 7109 
COMPRESSION RESULT: '1' 
COMPRESSED SIZE: 60.03MB 
ARCHIVE RUNTIME: 22.65 sec. 
MEMORY STACK: 55.5MB 
building installer 
add_extra_files1 
add_extra_files2 
add_extra_files3 
add_extra_files4 
Doing archive file check 
add_extra_files5 
add_extra_files6 
add_extra_files8 
Successfully opened zip C:/Program Files (x86)/Ampps/www/release.com/wp-snapshots/tmp/20190406_hda_b3fad1d862136bc46656_20190406184058_archive.zip 
Adding enhanced installer files to archive using ZipArchive 
Installer files added to archive 
Added to archive 
After ziparchive close when adding installer 

******************************************************************************** 
INTEGRITY CHECKS: 
******************************************************************************** 
SQL FILE: 4.1MB 
INSTALLER FILE: 207.32KB 
ARCHIVE FILE: 61MB  
EXPECTED FILE/DIRECTORY COUNT: 7,110 
ACTUAL FILE/DIRECTORY COUNT: 7,109 
ARCHIVE CONSISTENCY TEST: Pass 

********************************************************************************
RECORD ID:[1]
TOTAL PROCESS RUNTIME: 25.28 sec.
PEAK PHP MEMORY USED: 59MB
DONE PROCESSING => 20190406_hda April 6, 2019 18:41
 
